This file contains any messages produced by compilers while
running configure, to aid debugging if configure makes a mistake.

It was created by configure, which was
generated by GNU Autoconf 2.61.  Invocation command line was

  $ ./configure --host=arm-eabi CC=arm-eabi-gcc CPPFLAGS=-I/opt/android-ndk/build/platforms/android-4/arch-arm/usr/include/ CFLAGS=-nostdlib LDFLAGS=-Wl,-rpath-link=/opt/android-ndk/build/platforms/android-4/arch-arm/usr/lib/ -L/opt/android-ndk/build/platforms/android-4/arch-arm/usr/lib/ LIBS=-lc 

## --------- ##
## Platform. ##
## --------- ##

hostname = localhost
uname -m = i686
uname -r = 2.6.28-16-generic
uname -s = Linux
uname -v = #57-Ubuntu SMP Wed Nov 11 09:47:24 UTC 2009

/usr/bin/uname -p = unknown
/bin/uname -X     = unknown

/bin/arch              = unknown
/usr/bin/arch -k       = unknown
/usr/convex/getsysinfo = unknown
/usr/bin/hostinfo      = unknown
/bin/machine           = unknown
/usr/bin/oslevel       = unknown
/bin/universe          = unknown

PATH: /usr/local/sbin
PATH: /usr/local/bin
PATH: /usr/sbin
PATH: /usr/bin
PATH: /sbin
PATH: /bin
PATH: /usr/games
PATH: /opt/android-sdk/tools
PATH: /opt/bin
PATH: /opt/android-ndk/build/prebuilt/linux-x86/arm-eabi-4.2.1/bin/


## ----------- ##
## Core tests. ##
## ----------- ##

configure:1997: checking for a BSD-compatible install
configure:2053: result: /usr/bin/install -c
configure:2064: checking whether build environment is sane
configure:2107: result: yes
configure:2135: checking for a thread-safe mkdir -p
configure:2174: result: /bin/mkdir -p
configure:2187: checking for gawk
configure:2203: found /usr/bin/gawk
configure:2214: result: gawk
configure:2225: checking whether make sets $(MAKE)
configure:2246: result: yes
configure:2326: checking for arm-eabi-strip
configure:2342: found /opt/android-ndk/build/prebuilt/linux-x86/arm-eabi-4.2.1/bin//arm-eabi-strip
configure:2353: result: arm-eabi-strip
configure:2443: checking for arm-eabi-gcc
configure:2470: result: arm-eabi-gcc
configure:2748: checking for C compiler version
configure:2755: arm-eabi-gcc --version >&5
arm-eabi-gcc (GCC) 4.2.1
Copyright (C) 2007 Free Software Foundation, Inc.
This is free software; see the source for copying conditions.  There is NO
warranty; not even for MERCHANTABILITY or FITNESS FOR A PARTICULAR PURPOSE.

configure:2758: $? = 0
configure:2765: arm-eabi-gcc -v >&5
Using built-in specs.
Target: arm-eabi
Configured with: /tmp/ndk-toolchain-966/src/build/../gcc/gcc-4.2.1/configure --prefix=/tmp/ndk-toolchain-966/build/prebuilt/linux-x86/arm-eabi-4.2.1 --target=arm-eabi --host=x86_64-unknown-linux-gnu --build=x86_64-unknown-linux-gnu --enable-languages=c,c++ --with-gmp=/tmp/ndk-toolchain-966/arm-eabi-4.2.1/temp-install --with-mpfr=/tmp/ndk-toolchain-966/arm-eabi-4.2.1/temp-install --disable-libssp --enable-threads --disable-nls --disable-libmudflap --disable-libgomp --disable-libstdc__-v3 --disable-sjlj-exceptions --disable-shared --disable-tls --with-float=soft --with-fpu=vfp --with-arch=armv5te --enable-target-optspace --with-abi=aapcs --disable-nls --prefix=/tmp/ndk-toolchain-966/build/prebuilt/linux-x86/arm-eabi-4.2.1 --with-sysroot=/opt/digit/android/repo/eclair/development/ndk/build/platforms/android-3/arch-arm --with-binutils-version=2.17 --with-gcc-version=4.2.1 --with-gdb-version=6.6 --program-transform-name=s&^&arm-eabi-&
Thread model: single
gcc version 4.2.1
configure:2768: $? = 0
configure:2775: arm-eabi-gcc -V >&5
arm-eabi-gcc: '-V' option must have argument
configure:2778: $? = 1
configure:2801: checking for C compiler default output file name
configure:2828: arm-eabi-gcc -nostdlib -I/opt/android-ndk/build/platforms/android-4/arch-arm/usr/include/ -Wl,-rpath-link=/opt/android-ndk/build/platforms/android-4/arch-arm/usr/lib/ -L/opt/android-ndk/build/platforms/android-4/arch-arm/usr/lib/ conftest.c -lc  >&5
/opt/android-ndk/build/prebuilt/linux-x86/arm-eabi-4.2.1/bin/../lib/gcc/arm-eabi/4.2.1/../../../../arm-eabi/bin/ld: warning: cannot find entry symbol _start; defaulting to 00008258
configure:2831: $? = 0
configure:2869: result: a.out
configure:2886: checking whether the C compiler works
configure:2896: ./a.out
./configure: line 2897: ./a.out: cannot execute binary file
configure:2899: $? = 126
configure:2916: result: yes
configure:2923: checking whether we are cross compiling
configure:2925: result: yes
configure:2928: checking for suffix of executables
configure:2935: arm-eabi-gcc -o conftest -nostdlib -I/opt/android-ndk/build/platforms/android-4/arch-arm/usr/include/ -Wl,-rpath-link=/opt/android-ndk/build/platforms/android-4/arch-arm/usr/lib/ -L/opt/android-ndk/build/platforms/android-4/arch-arm/usr/lib/ conftest.c -lc  >&5
/opt/android-ndk/build/prebuilt/linux-x86/arm-eabi-4.2.1/bin/../lib/gcc/arm-eabi/4.2.1/../../../../arm-eabi/bin/ld: warning: cannot find entry symbol _start; defaulting to 00008258
configure:2938: $? = 0
configure:2962: result: 
configure:2968: checking for suffix of object files
configure:2994: arm-eabi-gcc -c -nostdlib -I/opt/android-ndk/build/platforms/android-4/arch-arm/usr/include/ conftest.c >&5
configure:2997: $? = 0
configure:3020: result: o
configure:3024: checking whether we are using the GNU C compiler
configure:3053: arm-eabi-gcc -c -nostdlib -I/opt/android-ndk/build/platforms/android-4/arch-arm/usr/include/ conftest.c >&5
configure:3059: $? = 0
configure:3076: result: yes
configure:3081: checking whether arm-eabi-gcc accepts -g
configure:3111: arm-eabi-gcc -c -g -I/opt/android-ndk/build/platforms/android-4/arch-arm/usr/include/ conftest.c >&5
configure:3117: $? = 0
configure:3216: result: yes
configure:3233: checking for arm-eabi-gcc option to accept ISO C89
configure:3307: arm-eabi-gcc  -c -nostdlib -I/opt/android-ndk/build/platforms/android-4/arch-arm/usr/include/ conftest.c >&5
configure:3313: $? = 0
configure:3336: result: none needed
configure:3365: checking for style of include used by make
configure:3393: result: GNU
configure:3418: checking dependency style of arm-eabi-gcc
configure:3509: result: gcc3
configure:3525: checking for a C compiler for build tools
configure:3532: checking for gcc
configure:3548: found /usr/bin/gcc
configure:3559: result: gcc
configure:3573: result: gcc
configure:3655: checking build system type
configure:3673: result: i686-pc-linux-gnulibc1
configure:3695: checking host system type
configure:3710: result: arm-unknown-eabi
configure:3732: checking for a sed that does not truncate output
configure:3788: result: /bin/sed
configure:3791: checking for grep that handles long lines and -e
configure:3865: result: /bin/grep
configure:3870: checking for egrep
configure:3948: result: /bin/grep -E
configure:3964: checking for ld used by arm-eabi-gcc
configure:4031: result: /opt/android-ndk/build/prebuilt/linux-x86/arm-eabi-4.2.1/arm-eabi/bin/ld
configure:4040: checking if the linker (/opt/android-ndk/build/prebuilt/linux-x86/arm-eabi-4.2.1/arm-eabi/bin/ld) is GNU ld
configure:4055: result: yes
configure:4060: checking for /opt/android-ndk/build/prebuilt/linux-x86/arm-eabi-4.2.1/arm-eabi/bin/ld option to reload object files
configure:4067: result: -r
configure:4085: checking for BSD-compatible nm
configure:4134: result: /opt/android-ndk/build/prebuilt/linux-x86/arm-eabi-4.2.1/bin//arm-eabi-nm -B
configure:4138: checking whether ln -s works
configure:4142: result: yes
configure:4149: checking how to recognize dependent libraries
configure:4335: result: unknown
configure:4580: checking how to run the C preprocessor
configure:4620: arm-eabi-gcc -E -I/opt/android-ndk/build/platforms/android-4/arch-arm/usr/include/ conftest.c
configure:4626: $? = 0
configure:4657: arm-eabi-gcc -E -I/opt/android-ndk/build/platforms/android-4/arch-arm/usr/include/ conftest.c
conftest.c:10:28: error: ac_nonexistent.h: No such file or directory
configure:4663: $? = 1
configure: failed program was:
| /* confdefs.h.  */
| #define PACKAGE_NAME ""
| #define PACKAGE_TARNAME ""
| #define PACKAGE_VERSION ""
| #define PACKAGE_STRING ""
| #define PACKAGE_BUGREPORT ""
| #define PACKAGE "libspectrum"
| #define VERSION "0.5.0.1"
| /* end confdefs.h.  */
| #include <ac_nonexistent.h>
configure:4696: result: arm-eabi-gcc -E
configure:4725: arm-eabi-gcc -E -I/opt/android-ndk/build/platforms/android-4/arch-arm/usr/include/ conftest.c
configure:4731: $? = 0
configure:4762: arm-eabi-gcc -E -I/opt/android-ndk/build/platforms/android-4/arch-arm/usr/include/ conftest.c
conftest.c:10:28: error: ac_nonexistent.h: No such file or directory
configure:4768: $? = 1
configure: failed program was:
| /* confdefs.h.  */
| #define PACKAGE_NAME ""
| #define PACKAGE_TARNAME ""
| #define PACKAGE_VERSION ""
| #define PACKAGE_STRING ""
| #define PACKAGE_BUGREPORT ""
| #define PACKAGE "libspectrum"
| #define VERSION "0.5.0.1"
| /* end confdefs.h.  */
| #include <ac_nonexistent.h>
configure:4806: checking for ANSI C header files
configure:4836: arm-eabi-gcc -c -nostdlib -I/opt/android-ndk/build/platforms/android-4/arch-arm/usr/include/ conftest.c >&5
configure:4842: $? = 0
configure:4970: result: yes
configure:4994: checking for sys/types.h
configure:5015: arm-eabi-gcc -c -nostdlib -I/opt/android-ndk/build/platforms/android-4/arch-arm/usr/include/ conftest.c >&5
configure:5021: $? = 0
configure:5037: result: yes
configure:4994: checking for sys/stat.h
configure:5015: arm-eabi-gcc -c -nostdlib -I/opt/android-ndk/build/platforms/android-4/arch-arm/usr/include/ conftest.c >&5
configure:5021: $? = 0
configure:5037: result: yes
configure:4994: checking for stdlib.h
configure:5015: arm-eabi-gcc -c -nostdlib -I/opt/android-ndk/build/platforms/android-4/arch-arm/usr/include/ conftest.c >&5
configure:5021: $? = 0
configure:5037: result: yes
configure:4994: checking for string.h
configure:5015: arm-eabi-gcc -c -nostdlib -I/opt/android-ndk/build/platforms/android-4/arch-arm/usr/include/ conftest.c >&5
configure:5021: $? = 0
configure:5037: result: yes
configure:4994: checking for memory.h
configure:5015: arm-eabi-gcc -c -nostdlib -I/opt/android-ndk/build/platforms/android-4/arch-arm/usr/include/ conftest.c >&5
configure:5021: $? = 0
configure:5037: result: yes
configure:4994: checking for strings.h
configure:5015: arm-eabi-gcc -c -nostdlib -I/opt/android-ndk/build/platforms/android-4/arch-arm/usr/include/ conftest.c >&5
configure:5021: $? = 0
configure:5037: result: yes
configure:4994: checking for inttypes.h
configure:5015: arm-eabi-gcc -c -nostdlib -I/opt/android-ndk/build/platforms/android-4/arch-arm/usr/include/ conftest.c >&5
configure:5021: $? = 0
configure:5037: result: yes
configure:4994: checking for stdint.h
configure:5015: arm-eabi-gcc -c -nostdlib -I/opt/android-ndk/build/platforms/android-4/arch-arm/usr/include/ conftest.c >&5
configure:5021: $? = 0
configure:5037: result: yes
configure:4994: checking for unistd.h
configure:5015: arm-eabi-gcc -c -nostdlib -I/opt/android-ndk/build/platforms/android-4/arch-arm/usr/include/ conftest.c >&5
configure:5021: $? = 0
configure:5037: result: yes
configure:5064: checking dlfcn.h usability
configure:5081: arm-eabi-gcc -c -nostdlib -I/opt/android-ndk/build/platforms/android-4/arch-arm/usr/include/ conftest.c >&5
configure:5087: $? = 0
configure:5101: result: yes
configure:5105: checking dlfcn.h presence
configure:5120: arm-eabi-gcc -E -I/opt/android-ndk/build/platforms/android-4/arch-arm/usr/include/ conftest.c
configure:5126: $? = 0
configure:5140: result: yes
configure:5168: checking for dlfcn.h
configure:5176: result: yes
configure:5203: checking for arm-eabi-g++
configure:5219: found /opt/android-ndk/build/prebuilt/linux-x86/arm-eabi-4.2.1/bin//arm-eabi-g++
configure:5230: result: arm-eabi-g++
configure:5305: checking for C++ compiler version
configure:5312: arm-eabi-g++ --version >&5
arm-eabi-g++ (GCC) 4.2.1
Copyright (C) 2007 Free Software Foundation, Inc.
This is free software; see the source for copying conditions.  There is NO
warranty; not even for MERCHANTABILITY or FITNESS FOR A PARTICULAR PURPOSE.

configure:5315: $? = 0
configure:5322: arm-eabi-g++ -v >&5
Using built-in specs.
Target: arm-eabi
Configured with: /tmp/ndk-toolchain-966/src/build/../gcc/gcc-4.2.1/configure --prefix=/tmp/ndk-toolchain-966/build/prebuilt/linux-x86/arm-eabi-4.2.1 --target=arm-eabi --host=x86_64-unknown-linux-gnu --build=x86_64-unknown-linux-gnu --enable-languages=c,c++ --with-gmp=/tmp/ndk-toolchain-966/arm-eabi-4.2.1/temp-install --with-mpfr=/tmp/ndk-toolchain-966/arm-eabi-4.2.1/temp-install --disable-libssp --enable-threads --disable-nls --disable-libmudflap --disable-libgomp --disable-libstdc__-v3 --disable-sjlj-exceptions --disable-shared --disable-tls --with-float=soft --with-fpu=vfp --with-arch=armv5te --enable-target-optspace --with-abi=aapcs --disable-nls --prefix=/tmp/ndk-toolchain-966/build/prebuilt/linux-x86/arm-eabi-4.2.1 --with-sysroot=/opt/digit/android/repo/eclair/development/ndk/build/platforms/android-3/arch-arm --with-binutils-version=2.17 --with-gcc-version=4.2.1 --with-gdb-version=6.6 --program-transform-name=s&^&arm-eabi-&
Thread model: single
gcc version 4.2.1
configure:5325: $? = 0
configure:5332: arm-eabi-g++ -V >&5
arm-eabi-g++: '-V' option must have argument
configure:5335: $? = 1
configure:5338: checking whether we are using the GNU C++ compiler
configure:5367: arm-eabi-g++ -c  -I/opt/android-ndk/build/platforms/android-4/arch-arm/usr/include/ conftest.cpp >&5
configure:5373: $? = 0
configure:5390: result: yes
configure:5395: checking whether arm-eabi-g++ accepts -g
configure:5425: arm-eabi-g++ -c -g -I/opt/android-ndk/build/platforms/android-4/arch-arm/usr/include/ conftest.cpp >&5
configure:5431: $? = 0
configure:5530: result: yes
configure:5555: checking dependency style of arm-eabi-g++
configure:5646: result: gcc3
configure:5671: checking how to run the C++ preprocessor
configure:5707: arm-eabi-g++ -E -I/opt/android-ndk/build/platforms/android-4/arch-arm/usr/include/ conftest.cpp
configure:5713: $? = 0
configure:5744: arm-eabi-g++ -E -I/opt/android-ndk/build/platforms/android-4/arch-arm/usr/include/ conftest.cpp
conftest.cpp:21:28: error: ac_nonexistent.h: No such file or directory
configure:5750: $? = 1
configure: failed program was:
| /* confdefs.h.  */
| #define PACKAGE_NAME ""
| #define PACKAGE_TARNAME ""
| #define PACKAGE_VERSION ""
| #define PACKAGE_STRING ""
| #define PACKAGE_BUGREPORT ""
| #define PACKAGE "libspectrum"
| #define VERSION "0.5.0.1"
| #define STDC_HEADERS 1
| #define HAVE_SYS_TYPES_H 1
| #define HAVE_SYS_STAT_H 1
| #define HAVE_STDLIB_H 1
| #define HAVE_STRING_H 1
| #define HAVE_MEMORY_H 1
| #define HAVE_STRINGS_H 1
| #define HAVE_INTTYPES_H 1
| #define HAVE_STDINT_H 1
| #define HAVE_UNISTD_H 1
| #define HAVE_DLFCN_H 1
| /* end confdefs.h.  */
| #include <ac_nonexistent.h>
configure:5783: result: arm-eabi-g++ -E
configure:5812: arm-eabi-g++ -E -I/opt/android-ndk/build/platforms/android-4/arch-arm/usr/include/ conftest.cpp
configure:5818: $? = 0
configure:5849: arm-eabi-g++ -E -I/opt/android-ndk/build/platforms/android-4/arch-arm/usr/include/ conftest.cpp
conftest.cpp:21:28: error: ac_nonexistent.h: No such file or directory
configure:5855: $? = 1
configure: failed program was:
| /* confdefs.h.  */
| #define PACKAGE_NAME ""
| #define PACKAGE_TARNAME ""
| #define PACKAGE_VERSION ""
| #define PACKAGE_STRING ""
| #define PACKAGE_BUGREPORT ""
| #define PACKAGE "libspectrum"
| #define VERSION "0.5.0.1"
| #define STDC_HEADERS 1
| #define HAVE_SYS_TYPES_H 1
| #define HAVE_SYS_STAT_H 1
| #define HAVE_STDLIB_H 1
| #define HAVE_STRING_H 1
| #define HAVE_MEMORY_H 1
| #define HAVE_STRINGS_H 1
| #define HAVE_INTTYPES_H 1
| #define HAVE_STDINT_H 1
| #define HAVE_UNISTD_H 1
| #define HAVE_DLFCN_H 1
| /* end confdefs.h.  */
| #include <ac_nonexistent.h>
configure:5904: checking for arm-eabi-g77
configure:5934: result: no
configure:5904: checking for arm-eabi-xlf
configure:5934: result: no
configure:5904: checking for arm-eabi-f77
configure:5934: result: no
configure:5904: checking for arm-eabi-frt
configure:5934: result: no
configure:5904: checking for arm-eabi-pgf77
configure:5934: result: no
configure:5904: checking for arm-eabi-cf77
configure:5934: result: no
configure:5904: checking for arm-eabi-fort77
configure:5934: result: no
configure:5904: checking for arm-eabi-fl32
configure:5934: result: no
configure:5904: checking for arm-eabi-af77
configure:5934: result: no
configure:5904: checking for arm-eabi-xlf90
configure:5934: result: no
configure:5904: checking for arm-eabi-f90
configure:5934: result: no
configure:5904: checking for arm-eabi-pgf90
configure:5934: result: no
configure:5904: checking for arm-eabi-pghpf
configure:5934: result: no
configure:5904: checking for arm-eabi-epcf90
configure:5934: result: no
configure:5904: checking for arm-eabi-gfortran
configure:5934: result: no
configure:5904: checking for arm-eabi-g95
configure:5934: result: no
configure:5904: checking for arm-eabi-xlf95
configure:5934: result: no
configure:5904: checking for arm-eabi-f95
configure:5934: result: no
configure:5904: checking for arm-eabi-fort
configure:5934: result: no
configure:5904: checking for arm-eabi-ifort
configure:5934: result: no
configure:5904: checking for arm-eabi-ifc
configure:5934: result: no
configure:5904: checking for arm-eabi-efc
configure:5934: result: no
configure:5904: checking for arm-eabi-pgf95
configure:5934: result: no
configure:5904: checking for arm-eabi-lf95
configure:5934: result: no
configure:5904: checking for arm-eabi-ftn
configure:5934: result: no
configure:5948: checking for g77
configure:5978: result: no
configure:5948: checking for xlf
configure:5978: result: no
configure:5948: checking for f77
configure:5978: result: no
configure:5948: checking for frt
configure:5978: result: no
configure:5948: checking for pgf77
configure:5978: result: no
configure:5948: checking for cf77
configure:5978: result: no
configure:5948: checking for fort77
configure:5978: result: no
configure:5948: checking for fl32
configure:5978: result: no
configure:5948: checking for af77
configure:5978: result: no
configure:5948: checking for xlf90
configure:5978: result: no
configure:5948: checking for f90
configure:5978: result: no
configure:5948: checking for pgf90
configure:5978: result: no
configure:5948: checking for pghpf
configure:5978: result: no
configure:5948: checking for epcf90
configure:5978: result: no
configure:5948: checking for gfortran
configure:5978: result: no
configure:5948: checking for g95
configure:5978: result: no
configure:5948: checking for xlf95
configure:5978: result: no
configure:5948: checking for f95
configure:5978: result: no
configure:5948: checking for fort
configure:5978: result: no
configure:5948: checking for ifort
configure:5978: result: no
configure:5948: checking for ifc
configure:5978: result: no
configure:5948: checking for efc
configure:5978: result: no
configure:5948: checking for pgf95
configure:5978: result: no
configure:5948: checking for lf95
configure:5978: result: no
configure:5948: checking for ftn
configure:5978: result: no
configure:6005: checking for Fortran 77 compiler version
configure:6012:  --version >&5
./configure: line 6013: --version: command not found
configure:6015: $? = 127
configure:6022:  -v >&5
./configure: line 6023: -v: command not found
configure:6025: $? = 127
configure:6032:  -V >&5
./configure: line 6033: -V: command not found
configure:6035: $? = 127
configure:6043: checking whether we are using the GNU Fortran 77 compiler
configure:6062:  -c  conftest.F >&5
./configure: line 6063: -c: command not found
configure:6068: $? = 127
configure: failed program was:
|       program main
| #ifndef __GNUC__
|        choke me
| #endif
| 
|       end
configure:6085: result: no
configure:6091: checking whether  accepts -g
configure:6108:  -c -g conftest.f >&5
./configure: line 6109: -c: command not found
configure:6114: $? = 127
configure: failed program was:
|       program main
| 
|       end
configure:6130: result: no
configure:6159: checking the maximum length of command line arguments
configure:6271: result: 1572864
configure:6283: checking command to parse /opt/android-ndk/build/prebuilt/linux-x86/arm-eabi-4.2.1/bin//arm-eabi-nm -B output from arm-eabi-gcc object
configure:6388: arm-eabi-gcc -c -nostdlib -I/opt/android-ndk/build/platforms/android-4/arch-arm/usr/include/ conftest.c >&5
configure:6391: $? = 0
configure:6395: /opt/android-ndk/build/prebuilt/linux-x86/arm-eabi-4.2.1/bin//arm-eabi-nm -B conftest.o \| sed -n -e 's/^.*[ 	]\([ABCDGIRSTW][ABCDGIRSTW]*\)[ 	][ 	]*\([_A-Za-z][_A-Za-z0-9]*\)$/\1 \2 \2/p' \> conftest.nm
configure:6398: $? = 0
configure:6450: arm-eabi-gcc -o conftest -nostdlib -I/opt/android-ndk/build/platforms/android-4/arch-arm/usr/include/ -Wl,-rpath-link=/opt/android-ndk/build/platforms/android-4/arch-arm/usr/lib/ -L/opt/android-ndk/build/platforms/android-4/arch-arm/usr/lib/ conftest.c conftstm.o >&5
/opt/android-ndk/build/prebuilt/linux-x86/arm-eabi-4.2.1/bin/../lib/gcc/arm-eabi/4.2.1/../../../../arm-eabi/bin/ld: warning: cannot find entry symbol _start; defaulting to 00008074
configure:6453: $? = 0
configure:6491: result: ok
configure:6495: checking for objdir
configure:6510: result: .libs
configure:6562: checking for arm-eabi-ar
configure:6578: found /opt/android-ndk/build/prebuilt/linux-x86/arm-eabi-4.2.1/bin//arm-eabi-ar
configure:6589: result: arm-eabi-ar
configure:6658: checking for arm-eabi-ranlib
configure:6674: found /opt/android-ndk/build/prebuilt/linux-x86/arm-eabi-4.2.1/bin//arm-eabi-ranlib
configure:6685: result: arm-eabi-ranlib
configure:6754: checking for arm-eabi-strip
configure:6781: result: arm-eabi-strip
configure:7419: checking if arm-eabi-gcc supports -fno-rtti -fno-exceptions
configure:7437: arm-eabi-gcc -c -nostdlib -I/opt/android-ndk/build/platforms/android-4/arch-arm/usr/include/ -fno-rtti -fno-exceptions conftest.c >&5
cc1: warning: command line option "-fno-rtti" is valid for C++/ObjC++ but not for C
configure:7441: $? = 0
configure:7454: result: no
configure:7469: checking for arm-eabi-gcc option to produce PIC
configure:7701: result: -fPIC
configure:7709: checking if arm-eabi-gcc PIC flag -fPIC works
configure:7727: arm-eabi-gcc -c -nostdlib -I/opt/android-ndk/build/platforms/android-4/arch-arm/usr/include/ -fPIC -DPIC conftest.c >&5
configure:7731: $? = 0
configure:7744: result: yes
configure:7772: checking if arm-eabi-gcc static flag -static works
/opt/android-ndk/build/prebuilt/linux-x86/arm-eabi-4.2.1/bin/../lib/gcc/arm-eabi/4.2.1/../../../../arm-eabi/bin/ld: warning: cannot find entry symbol _start; defaulting to 00008074
configure:7800: result: no
configure:7810: checking if arm-eabi-gcc supports -c -o file.o
configure:7831: arm-eabi-gcc -c -nostdlib -I/opt/android-ndk/build/platforms/android-4/arch-arm/usr/include/ -o out/conftest2.o conftest.c >&5
configure:7835: $? = 0
configure:7857: result: yes
configure:7883: checking whether the arm-eabi-gcc linker (/opt/android-ndk/build/prebuilt/linux-x86/arm-eabi-4.2.1/arm-eabi/bin/ld) supports shared libraries
configure:8864: result: yes
configure:8885: checking whether -lc should be explicitly linked in
configure:8890: arm-eabi-gcc -c -nostdlib -I/opt/android-ndk/build/platforms/android-4/arch-arm/usr/include/ conftest.c >&5
configure:8893: $? = 0
configure:8908: arm-eabi-gcc -shared conftest.o  -v -Wl,-soname -Wl,conftest -o conftest 2\>\&1 \| grep  -lc  \>/dev/null 2\>\&1
configure:8911: $? = 1
configure:8923: result: yes
configure:8931: checking dynamic linker characteristics
configure:9545: result: no
configure:9569: checking how to hardcode library paths into programs
configure:9594: result: immediate
configure:9608: checking whether stripping libraries is possible
configure:9613: result: yes
configure:10415: checking if libtool supports shared libraries
configure:10417: result: no
configure:10420: checking whether to build shared libraries
configure:10441: result: no
configure:10444: checking whether to build static libraries
configure:10448: result: yes
configure:10542: creating libtool
configure:11135: checking for ld used by arm-eabi-g++
configure:11202: result: /opt/android-ndk/build/prebuilt/linux-x86/arm-eabi-4.2.1/arm-eabi/bin/ld
configure:11211: checking if the linker (/opt/android-ndk/build/prebuilt/linux-x86/arm-eabi-4.2.1/arm-eabi/bin/ld) is GNU ld
configure:11226: result: yes
configure:11277: checking whether the arm-eabi-g++ linker (/opt/android-ndk/build/prebuilt/linux-x86/arm-eabi-4.2.1/arm-eabi/bin/ld) supports shared libraries
configure:12223: result: no
configure:12240: arm-eabi-g++ -c -g -O2 -I/opt/android-ndk/build/platforms/android-4/arch-arm/usr/include/ conftest.cpp >&5
configure:12243: $? = 0
configure:12399: checking for arm-eabi-g++ option to produce PIC
configure:12683: result: -fPIC
configure:12691: checking if arm-eabi-g++ PIC flag -fPIC works
configure:12709: arm-eabi-g++ -c -g -O2 -I/opt/android-ndk/build/platforms/android-4/arch-arm/usr/include/ -fPIC -DPIC conftest.cpp >&5
configure:12713: $? = 0
configure:12726: result: yes
configure:12754: checking if arm-eabi-g++ static flag -static works
configure:12782: result: no
configure:12792: checking if arm-eabi-g++ supports -c -o file.o
configure:12813: arm-eabi-g++ -c -g -O2 -I/opt/android-ndk/build/platforms/android-4/arch-arm/usr/include/ -o out/conftest2.o conftest.cpp >&5
configure:12817: $? = 0
configure:12839: result: yes
configure:12865: checking whether the arm-eabi-g++ linker (/opt/android-ndk/build/prebuilt/linux-x86/arm-eabi-4.2.1/arm-eabi/bin/ld) supports shared libraries
configure:12894: result: no
configure:12961: checking dynamic linker characteristics
configure:13523: result: no
configure:13547: checking how to hardcode library paths into programs
configure:13572: result: immediate
configure:19821: checking for perl
configure:19839: found /usr/bin/perl
configure:19851: result: /usr/bin/perl
configure:19861: checking for ANSI C header files
configure:20025: result: yes
configure:20042: checking for stdint.h
configure:20048: result: yes
configure:20042: checking for strings.h
configure:20048: result: yes
configure:20042: checking for unistd.h
configure:20048: result: yes
configure:20178: checking for an ANSI C-conforming const
configure:20253: arm-eabi-gcc -c -nostdlib -I/opt/android-ndk/build/platforms/android-4/arch-arm/usr/include/ conftest.c >&5
configure:20259: $? = 0
configure:20274: result: yes
configure:20285: checking whether byte ordering is bigendian
configure:20318: arm-eabi-gcc -c -nostdlib -I/opt/android-ndk/build/platforms/android-4/arch-arm/usr/include/ conftest.c >&5
conftest.c: In function 'main':
conftest.c:32: error: 'bogus' undeclared (first use in this function)
conftest.c:32: error: (Each undeclared identifier is reported only once
conftest.c:32: error: for each function it appears in.)
conftest.c:32: error: expected ';' before 'endian'
configure:20324: $? = 1
configure: failed program was:
| /* confdefs.h.  */
| #define PACKAGE_NAME ""
| #define PACKAGE_TARNAME ""
| #define PACKAGE_VERSION ""
| #define PACKAGE_STRING ""
| #define PACKAGE_BUGREPORT ""
| #define PACKAGE "libspectrum"
| #define VERSION "0.5.0.1"
| #define STDC_HEADERS 1
| #define HAVE_SYS_TYPES_H 1
| #define HAVE_SYS_STAT_H 1
| #define HAVE_STDLIB_H 1
| #define HAVE_STRING_H 1
| #define HAVE_MEMORY_H 1
| #define HAVE_STRINGS_H 1
| #define HAVE_INTTYPES_H 1
| #define HAVE_STDINT_H 1
| #define HAVE_UNISTD_H 1
| #define HAVE_DLFCN_H 1
| #define STDC_HEADERS 1
| #define HAVE_STDINT_H 1
| #define HAVE_STRINGS_H 1
| #define HAVE_UNISTD_H 1
| /* end confdefs.h.  */
| #include <sys/types.h>
| #include <sys/param.h>
| 
| int
| main ()
| {
| #if  ! (defined BYTE_ORDER && defined BIG_ENDIAN && defined LITTLE_ENDIAN 	&& BYTE_ORDER && BIG_ENDIAN && LITTLE_ENDIAN)
|  bogus endian macros
| #endif
| 
|   ;
|   return 0;
| }
configure:20410: arm-eabi-gcc -c -nostdlib -I/opt/android-ndk/build/platforms/android-4/arch-arm/usr/include/ conftest.c >&5
configure:20416: $? = 0
configure:20502: result: no
configure:20531: checking for _snprintf
configure:20587: arm-eabi-gcc -o conftest -nostdlib -I/opt/android-ndk/build/platforms/android-4/arch-arm/usr/include/ -Wl,-rpath-link=/opt/android-ndk/build/platforms/android-4/arch-arm/usr/lib/ -L/opt/android-ndk/build/platforms/android-4/arch-arm/usr/lib/ conftest.c -lc  >&5
/opt/android-ndk/build/prebuilt/linux-x86/arm-eabi-4.2.1/bin/../lib/gcc/arm-eabi/4.2.1/../../../../arm-eabi/bin/ld: warning: cannot find entry symbol _start; defaulting to 000082a0
/tmp/cc2XRW8S.o: In function `main':
conftest.c:(.text+0xc): undefined reference to `_snprintf'
collect2: ld returned 1 exit status
configure:20593: $? = 1
configure: failed program was:
| /* confdefs.h.  */
| #define PACKAGE_NAME ""
| #define PACKAGE_TARNAME ""
| #define PACKAGE_VERSION ""
| #define PACKAGE_STRING ""
| #define PACKAGE_BUGREPORT ""
| #define PACKAGE "libspectrum"
| #define VERSION "0.5.0.1"
| #define STDC_HEADERS 1
| #define HAVE_SYS_TYPES_H 1
| #define HAVE_SYS_STAT_H 1
| #define HAVE_STDLIB_H 1
| #define HAVE_STRING_H 1
| #define HAVE_MEMORY_H 1
| #define HAVE_STRINGS_H 1
| #define HAVE_INTTYPES_H 1
| #define HAVE_STDINT_H 1
| #define HAVE_UNISTD_H 1
| #define HAVE_DLFCN_H 1
| #define STDC_HEADERS 1
| #define HAVE_STDINT_H 1
| #define HAVE_STRINGS_H 1
| #define HAVE_UNISTD_H 1
| /* end confdefs.h.  */
| /* Define _snprintf to an innocuous variant, in case <limits.h> declares _snprintf.
|    For example, HP-UX 11i <limits.h> declares gettimeofday.  */
| #define _snprintf innocuous__snprintf
| 
| /* System header to define __stub macros and hopefully few prototypes,
|     which can conflict with char _snprintf (); below.
|     Prefer <limits.h> to <assert.h> if __STDC__ is defined, since
|     <limits.h> exists even on freestanding compilers.  */
| 
| #ifdef __STDC__
| # include <limits.h>
| #else
| # include <assert.h>
| #endif
| 
| #undef _snprintf
| 
| /* Override any GCC internal prototype to avoid an error.
|    Use char because int might match the return type of a GCC
|    builtin and then its argument prototype would still apply.  */
| #ifdef __cplusplus
| extern "C"
| #endif
| char _snprintf ();
| /* The GNU C library defines this for functions which it implements
|     to always fail with ENOSYS.  Some functions are actually named
|     something starting with __ and the normal name is an alias.  */
| #if defined __stub__snprintf || defined __stub____snprintf
| choke me
| #endif
| 
| int
| main ()
| {
| return _snprintf ();
|   ;
|   return 0;
| }
configure:20611: result: no
configure:20531: checking for _stricmp
configure:20587: arm-eabi-gcc -o conftest -nostdlib -I/opt/android-ndk/build/platforms/android-4/arch-arm/usr/include/ -Wl,-rpath-link=/opt/android-ndk/build/platforms/android-4/arch-arm/usr/lib/ -L/opt/android-ndk/build/platforms/android-4/arch-arm/usr/lib/ conftest.c -lc  >&5
/opt/android-ndk/build/prebuilt/linux-x86/arm-eabi-4.2.1/bin/../lib/gcc/arm-eabi/4.2.1/../../../../arm-eabi/bin/ld: warning: cannot find entry symbol _start; defaulting to 000082a0
/tmp/cc2udzu2.o: In function `main':
conftest.c:(.text+0xc): undefined reference to `_stricmp'
collect2: ld returned 1 exit status
configure:20593: $? = 1
configure: failed program was:
| /* confdefs.h.  */
| #define PACKAGE_NAME ""
| #define PACKAGE_TARNAME ""
| #define PACKAGE_VERSION ""
| #define PACKAGE_STRING ""
| #define PACKAGE_BUGREPORT ""
| #define PACKAGE "libspectrum"
| #define VERSION "0.5.0.1"
| #define STDC_HEADERS 1
| #define HAVE_SYS_TYPES_H 1
| #define HAVE_SYS_STAT_H 1
| #define HAVE_STDLIB_H 1
| #define HAVE_STRING_H 1
| #define HAVE_MEMORY_H 1
| #define HAVE_STRINGS_H 1
| #define HAVE_INTTYPES_H 1
| #define HAVE_STDINT_H 1
| #define HAVE_UNISTD_H 1
| #define HAVE_DLFCN_H 1
| #define STDC_HEADERS 1
| #define HAVE_STDINT_H 1
| #define HAVE_STRINGS_H 1
| #define HAVE_UNISTD_H 1
| /* end confdefs.h.  */
| /* Define _stricmp to an innocuous variant, in case <limits.h> declares _stricmp.
|    For example, HP-UX 11i <limits.h> declares gettimeofday.  */
| #define _stricmp innocuous__stricmp
| 
| /* System header to define __stub macros and hopefully few prototypes,
|     which can conflict with char _stricmp (); below.
|     Prefer <limits.h> to <assert.h> if __STDC__ is defined, since
|     <limits.h> exists even on freestanding compilers.  */
| 
| #ifdef __STDC__
| # include <limits.h>
| #else
| # include <assert.h>
| #endif
| 
| #undef _stricmp
| 
| /* Override any GCC internal prototype to avoid an error.
|    Use char because int might match the return type of a GCC
|    builtin and then its argument prototype would still apply.  */
| #ifdef __cplusplus
| extern "C"
| #endif
| char _stricmp ();
| /* The GNU C library defines this for functions which it implements
|     to always fail with ENOSYS.  Some functions are actually named
|     something starting with __ and the normal name is an alias.  */
| #if defined __stub__stricmp || defined __stub____stricmp
| choke me
| #endif
| 
| int
| main ()
| {
| return _stricmp ();
|   ;
|   return 0;
| }
configure:20611: result: no
configure:20531: checking for _strnicmp
configure:20587: arm-eabi-gcc -o conftest -nostdlib -I/opt/android-ndk/build/platforms/android-4/arch-arm/usr/include/ -Wl,-rpath-link=/opt/android-ndk/build/platforms/android-4/arch-arm/usr/lib/ -L/opt/android-ndk/build/platforms/android-4/arch-arm/usr/lib/ conftest.c -lc  >&5
/opt/android-ndk/build/prebuilt/linux-x86/arm-eabi-4.2.1/bin/../lib/gcc/arm-eabi/4.2.1/../../../../arm-eabi/bin/ld: warning: cannot find entry symbol _start; defaulting to 000082a0
/tmp/ccEb497b.o: In function `main':
conftest.c:(.text+0xc): undefined reference to `_strnicmp'
collect2: ld returned 1 exit status
configure:20593: $? = 1
configure: failed program was:
| /* confdefs.h.  */
| #define PACKAGE_NAME ""
| #define PACKAGE_TARNAME ""
| #define PACKAGE_VERSION ""
| #define PACKAGE_STRING ""
| #define PACKAGE_BUGREPORT ""
| #define PACKAGE "libspectrum"
| #define VERSION "0.5.0.1"
| #define STDC_HEADERS 1
| #define HAVE_SYS_TYPES_H 1
| #define HAVE_SYS_STAT_H 1
| #define HAVE_STDLIB_H 1
| #define HAVE_STRING_H 1
| #define HAVE_MEMORY_H 1
| #define HAVE_STRINGS_H 1
| #define HAVE_INTTYPES_H 1
| #define HAVE_STDINT_H 1
| #define HAVE_UNISTD_H 1
| #define HAVE_DLFCN_H 1
| #define STDC_HEADERS 1
| #define HAVE_STDINT_H 1
| #define HAVE_STRINGS_H 1
| #define HAVE_UNISTD_H 1
| /* end confdefs.h.  */
| /* Define _strnicmp to an innocuous variant, in case <limits.h> declares _strnicmp.
|    For example, HP-UX 11i <limits.h> declares gettimeofday.  */
| #define _strnicmp innocuous__strnicmp
| 
| /* System header to define __stub macros and hopefully few prototypes,
|     which can conflict with char _strnicmp (); below.
|     Prefer <limits.h> to <assert.h> if __STDC__ is defined, since
|     <limits.h> exists even on freestanding compilers.  */
| 
| #ifdef __STDC__
| # include <limits.h>
| #else
| # include <assert.h>
| #endif
| 
| #undef _strnicmp
| 
| /* Override any GCC internal prototype to avoid an error.
|    Use char because int might match the return type of a GCC
|    builtin and then its argument prototype would still apply.  */
| #ifdef __cplusplus
| extern "C"
| #endif
| char _strnicmp ();
| /* The GNU C library defines this for functions which it implements
|     to always fail with ENOSYS.  Some functions are actually named
|     something starting with __ and the normal name is an alias.  */
| #if defined __stub__strnicmp || defined __stub____strnicmp
| choke me
| #endif
| 
| int
| main ()
| {
| return _strnicmp ();
|   ;
|   return 0;
| }
configure:20611: result: no
configure:20531: checking for snprintf
configure:20587: arm-eabi-gcc -o conftest -nostdlib -I/opt/android-ndk/build/platforms/android-4/arch-arm/usr/include/ -Wl,-rpath-link=/opt/android-ndk/build/platforms/android-4/arch-arm/usr/lib/ -L/opt/android-ndk/build/platforms/android-4/arch-arm/usr/lib/ conftest.c -lc  >&5
conftest.c:48: warning: conflicting types for built-in function 'snprintf'
/opt/android-ndk/build/prebuilt/linux-x86/arm-eabi-4.2.1/bin/../lib/gcc/arm-eabi/4.2.1/../../../../arm-eabi/bin/ld: warning: cannot find entry symbol _start; defaulting to 000082a0
configure:20593: $? = 0
configure:20611: result: yes
configure:20531: checking for strcasecmp
configure:20587: arm-eabi-gcc -o conftest -nostdlib -I/opt/android-ndk/build/platforms/android-4/arch-arm/usr/include/ -Wl,-rpath-link=/opt/android-ndk/build/platforms/android-4/arch-arm/usr/lib/ -L/opt/android-ndk/build/platforms/android-4/arch-arm/usr/lib/ conftest.c -lc  >&5
conftest.c:49: warning: conflicting types for built-in function 'strcasecmp'
/opt/android-ndk/build/prebuilt/linux-x86/arm-eabi-4.2.1/bin/../lib/gcc/arm-eabi/4.2.1/../../../../arm-eabi/bin/ld: warning: cannot find entry symbol _start; defaulting to 000082a0
configure:20593: $? = 0
configure:20611: result: yes
configure:20531: checking for strncasecmp
configure:20587: arm-eabi-gcc -o conftest -nostdlib -I/opt/android-ndk/build/platforms/android-4/arch-arm/usr/include/ -Wl,-rpath-link=/opt/android-ndk/build/platforms/android-4/arch-arm/usr/lib/ -L/opt/android-ndk/build/platforms/android-4/arch-arm/usr/lib/ conftest.c -lc  >&5
conftest.c:50: warning: conflicting types for built-in function 'strncasecmp'
/opt/android-ndk/build/prebuilt/linux-x86/arm-eabi-4.2.1/bin/../lib/gcc/arm-eabi/4.2.1/../../../../arm-eabi/bin/ld: warning: cannot find entry symbol _start; defaulting to 000082a0
configure:20593: $? = 0
configure:20611: result: yes
configure:20648: checking zlib.h usability
configure:20665: arm-eabi-gcc -c -nostdlib -I/opt/android-ndk/build/platforms/android-4/arch-arm/usr/include/ conftest.c >&5
configure:20671: $? = 0
configure:20685: result: yes
configure:20689: checking zlib.h presence
configure:20704: arm-eabi-gcc -E -I/opt/android-ndk/build/platforms/android-4/arch-arm/usr/include/ conftest.c
configure:20710: $? = 0
configure:20724: result: yes
configure:20752: checking for zlib.h
configure:20760: result: yes
configure:20768: checking for library containing compress2
configure:20809: arm-eabi-gcc -o conftest -nostdlib -I/opt/android-ndk/build/platforms/android-4/arch-arm/usr/include/ -Wl,-rpath-link=/opt/android-ndk/build/platforms/android-4/arch-arm/usr/lib/ -L/opt/android-ndk/build/platforms/android-4/arch-arm/usr/lib/ conftest.c -lc  >&5
/opt/android-ndk/build/prebuilt/linux-x86/arm-eabi-4.2.1/bin/../lib/gcc/arm-eabi/4.2.1/../../../../arm-eabi/bin/ld: warning: cannot find entry symbol _start; defaulting to 000082a0
/tmp/ccO74KC5.o: In function `main':
conftest.c:(.text+0xc): undefined reference to `compress2'
collect2: ld returned 1 exit status
configure:20815: $? = 1
configure: failed program was:
| /* confdefs.h.  */
| #define PACKAGE_NAME ""
| #define PACKAGE_TARNAME ""
| #define PACKAGE_VERSION ""
| #define PACKAGE_STRING ""
| #define PACKAGE_BUGREPORT ""
| #define PACKAGE "libspectrum"
| #define VERSION "0.5.0.1"
| #define STDC_HEADERS 1
| #define HAVE_SYS_TYPES_H 1
| #define HAVE_SYS_STAT_H 1
| #define HAVE_STDLIB_H 1
| #define HAVE_STRING_H 1
| #define HAVE_MEMORY_H 1
| #define HAVE_STRINGS_H 1
| #define HAVE_INTTYPES_H 1
| #define HAVE_STDINT_H 1
| #define HAVE_UNISTD_H 1
| #define HAVE_DLFCN_H 1
| #define STDC_HEADERS 1
| #define HAVE_STDINT_H 1
| #define HAVE_STRINGS_H 1
| #define HAVE_UNISTD_H 1
| #define HAVE_SNPRINTF 1
| #define HAVE_STRCASECMP 1
| #define HAVE_STRNCASECMP 1
| #define HAVE_ZLIB_H 1
| /* end confdefs.h.  */
| 
| /* Override any GCC internal prototype to avoid an error.
|    Use char because int might match the return type of a GCC
|    builtin and then its argument prototype would still apply.  */
| #ifdef __cplusplus
| extern "C"
| #endif
| char compress2 ();
| int
| main ()
| {
| return compress2 ();
|   ;
|   return 0;
| }
configure:20809: arm-eabi-gcc -o conftest -nostdlib -I/opt/android-ndk/build/platforms/android-4/arch-arm/usr/include/ -Wl,-rpath-link=/opt/android-ndk/build/platforms/android-4/arch-arm/usr/lib/ -L/opt/android-ndk/build/platforms/android-4/arch-arm/usr/lib/ conftest.c -lz  -lc  >&5
/opt/android-ndk/build/prebuilt/linux-x86/arm-eabi-4.2.1/bin/../lib/gcc/arm-eabi/4.2.1/../../../../arm-eabi/bin/ld: warning: cannot find entry symbol _start; defaulting to 000082a8
configure:20815: $? = 0
configure:20843: result: -lz
configure:20857: checking whether to use libgcrypt
configure:20867: result: yes
configure:20885: checking gcrypt.h usability
configure:20902: arm-eabi-gcc -c -nostdlib -I/opt/android-ndk/build/platforms/android-4/arch-arm/usr/include/ conftest.c >&5
conftest.c:62:20: error: gcrypt.h: No such file or directory
configure:20908: $? = 1
configure: failed program was:
| /* confdefs.h.  */
| #define PACKAGE_NAME ""
| #define PACKAGE_TARNAME ""
| #define PACKAGE_VERSION ""
| #define PACKAGE_STRING ""
| #define PACKAGE_BUGREPORT ""
| #define PACKAGE "libspectrum"
| #define VERSION "0.5.0.1"
| #define STDC_HEADERS 1
| #define HAVE_SYS_TYPES_H 1
| #define HAVE_SYS_STAT_H 1
| #define HAVE_STDLIB_H 1
| #define HAVE_STRING_H 1
| #define HAVE_MEMORY_H 1
| #define HAVE_STRINGS_H 1
| #define HAVE_INTTYPES_H 1
| #define HAVE_STDINT_H 1
| #define HAVE_UNISTD_H 1
| #define HAVE_DLFCN_H 1
| #define STDC_HEADERS 1
| #define HAVE_STDINT_H 1
| #define HAVE_STRINGS_H 1
| #define HAVE_UNISTD_H 1
| #define HAVE_SNPRINTF 1
| #define HAVE_STRCASECMP 1
| #define HAVE_STRNCASECMP 1
| #define HAVE_ZLIB_H 1
| /* end confdefs.h.  */
| #include <stdio.h>
| #ifdef HAVE_SYS_TYPES_H
| # include <sys/types.h>
| #endif
| #ifdef HAVE_SYS_STAT_H
| # include <sys/stat.h>
| #endif
| #ifdef STDC_HEADERS
| # include <stdlib.h>
| # include <stddef.h>
| #else
| # ifdef HAVE_STDLIB_H
| #  include <stdlib.h>
| # endif
| #endif
| #ifdef HAVE_STRING_H
| # if !defined STDC_HEADERS && defined HAVE_MEMORY_H
| #  include <memory.h>
| # endif
| # include <string.h>
| #endif
| #ifdef HAVE_STRINGS_H
| # include <strings.h>
| #endif
| #ifdef HAVE_INTTYPES_H
| # include <inttypes.h>
| #endif
| #ifdef HAVE_STDINT_H
| # include <stdint.h>
| #endif
| #ifdef HAVE_UNISTD_H
| # include <unistd.h>
| #endif
| #include <gcrypt.h>
configure:20922: result: no
configure:20926: checking gcrypt.h presence
configure:20941: arm-eabi-gcc -E -I/opt/android-ndk/build/platforms/android-4/arch-arm/usr/include/ conftest.c
conftest.c:29:20: error: gcrypt.h: No such file or directory
configure:20947: $? = 1
configure: failed program was:
| /* confdefs.h.  */
| #define PACKAGE_NAME ""
| #define PACKAGE_TARNAME ""
| #define PACKAGE_VERSION ""
| #define PACKAGE_STRING ""
| #define PACKAGE_BUGREPORT ""
| #define PACKAGE "libspectrum"
| #define VERSION "0.5.0.1"
| #define STDC_HEADERS 1
| #define HAVE_SYS_TYPES_H 1
| #define HAVE_SYS_STAT_H 1
| #define HAVE_STDLIB_H 1
| #define HAVE_STRING_H 1
| #define HAVE_MEMORY_H 1
| #define HAVE_STRINGS_H 1
| #define HAVE_INTTYPES_H 1
| #define HAVE_STDINT_H 1
| #define HAVE_UNISTD_H 1
| #define HAVE_DLFCN_H 1
| #define STDC_HEADERS 1
| #define HAVE_STDINT_H 1
| #define HAVE_STRINGS_H 1
| #define HAVE_UNISTD_H 1
| #define HAVE_SNPRINTF 1
| #define HAVE_STRCASECMP 1
| #define HAVE_STRNCASECMP 1
| #define HAVE_ZLIB_H 1
| /* end confdefs.h.  */
| #include <gcrypt.h>
configure:20961: result: no
configure:20989: checking for gcrypt.h
configure:20997: result: no
configure:21022: checking bzlib.h usability
configure:21039: arm-eabi-gcc -c -nostdlib -I/opt/android-ndk/build/platforms/android-4/arch-arm/usr/include/ conftest.c >&5
conftest.c:62:19: error: bzlib.h: No such file or directory
configure:21045: $? = 1
configure: failed program was:
| /* confdefs.h.  */
| #define PACKAGE_NAME ""
| #define PACKAGE_TARNAME ""
| #define PACKAGE_VERSION ""
| #define PACKAGE_STRING ""
| #define PACKAGE_BUGREPORT ""
| #define PACKAGE "libspectrum"
| #define VERSION "0.5.0.1"
| #define STDC_HEADERS 1
| #define HAVE_SYS_TYPES_H 1
| #define HAVE_SYS_STAT_H 1
| #define HAVE_STDLIB_H 1
| #define HAVE_STRING_H 1
| #define HAVE_MEMORY_H 1
| #define HAVE_STRINGS_H 1
| #define HAVE_INTTYPES_H 1
| #define HAVE_STDINT_H 1
| #define HAVE_UNISTD_H 1
| #define HAVE_DLFCN_H 1
| #define STDC_HEADERS 1
| #define HAVE_STDINT_H 1
| #define HAVE_STRINGS_H 1
| #define HAVE_UNISTD_H 1
| #define HAVE_SNPRINTF 1
| #define HAVE_STRCASECMP 1
| #define HAVE_STRNCASECMP 1
| #define HAVE_ZLIB_H 1
| /* end confdefs.h.  */
| #include <stdio.h>
| #ifdef HAVE_SYS_TYPES_H
| # include <sys/types.h>
| #endif
| #ifdef HAVE_SYS_STAT_H
| # include <sys/stat.h>
| #endif
| #ifdef STDC_HEADERS
| # include <stdlib.h>
| # include <stddef.h>
| #else
| # ifdef HAVE_STDLIB_H
| #  include <stdlib.h>
| # endif
| #endif
| #ifdef HAVE_STRING_H
| # if !defined STDC_HEADERS && defined HAVE_MEMORY_H
| #  include <memory.h>
| # endif
| # include <string.h>
| #endif
| #ifdef HAVE_STRINGS_H
| # include <strings.h>
| #endif
| #ifdef HAVE_INTTYPES_H
| # include <inttypes.h>
| #endif
| #ifdef HAVE_STDINT_H
| # include <stdint.h>
| #endif
| #ifdef HAVE_UNISTD_H
| # include <unistd.h>
| #endif
| #include <bzlib.h>
configure:21059: result: no
configure:21063: checking bzlib.h presence
configure:21078: arm-eabi-gcc -E -I/opt/android-ndk/build/platforms/android-4/arch-arm/usr/include/ conftest.c
conftest.c:29:19: error: bzlib.h: No such file or directory
configure:21084: $? = 1
configure: failed program was:
| /* confdefs.h.  */
| #define PACKAGE_NAME ""
| #define PACKAGE_TARNAME ""
| #define PACKAGE_VERSION ""
| #define PACKAGE_STRING ""
| #define PACKAGE_BUGREPORT ""
| #define PACKAGE "libspectrum"
| #define VERSION "0.5.0.1"
| #define STDC_HEADERS 1
| #define HAVE_SYS_TYPES_H 1
| #define HAVE_SYS_STAT_H 1
| #define HAVE_STDLIB_H 1
| #define HAVE_STRING_H 1
| #define HAVE_MEMORY_H 1
| #define HAVE_STRINGS_H 1
| #define HAVE_INTTYPES_H 1
| #define HAVE_STDINT_H 1
| #define HAVE_UNISTD_H 1
| #define HAVE_DLFCN_H 1
| #define STDC_HEADERS 1
| #define HAVE_STDINT_H 1
| #define HAVE_STRINGS_H 1
| #define HAVE_UNISTD_H 1
| #define HAVE_SNPRINTF 1
| #define HAVE_STRCASECMP 1
| #define HAVE_STRNCASECMP 1
| #define HAVE_ZLIB_H 1
| /* end confdefs.h.  */
| #include <bzlib.h>
configure:21098: result: no
configure:21126: checking for bzlib.h
configure:21133: result: no
configure:21214: checking whether to use glib
configure:21224: result: yes
configure:21254: checking for pkg-config
configure:21272: found /usr/bin/pkg-config
configure:21285: result: /usr/bin/pkg-config
configure:21309: checking for GLIB - version >= 2.0.0
configure:21475: result: no
configure:21513: arm-eabi-gcc -o conftest -nostdlib  -I/opt/android-ndk/build/platforms/android-4/arch-arm/usr/include/ -Wl,-rpath-link=/opt/android-ndk/build/platforms/android-4/arch-arm/usr/lib/ -L/opt/android-ndk/build/platforms/android-4/arch-arm/usr/lib/ conftest.c -lz -lc   >&5
conftest.c:30:18: error: glib.h: No such file or directory
conftest.c: In function 'main':
conftest.c:36: error: 'glib_major_version' undeclared (first use in this function)
conftest.c:36: error: (Each undeclared identifier is reported only once
conftest.c:36: error: for each function it appears in.)
conftest.c:36: error: 'glib_minor_version' undeclared (first use in this function)
conftest.c:36: error: 'glib_micro_version' undeclared (first use in this function)
configure:21519: $? = 1
configure: failed program was:
| /* confdefs.h.  */
| #define PACKAGE_NAME ""
| #define PACKAGE_TARNAME ""
| #define PACKAGE_VERSION ""
| #define PACKAGE_STRING ""
| #define PACKAGE_BUGREPORT ""
| #define PACKAGE "libspectrum"
| #define VERSION "0.5.0.1"
| #define STDC_HEADERS 1
| #define HAVE_SYS_TYPES_H 1
| #define HAVE_SYS_STAT_H 1
| #define HAVE_STDLIB_H 1
| #define HAVE_STRING_H 1
| #define HAVE_MEMORY_H 1
| #define HAVE_STRINGS_H 1
| #define HAVE_INTTYPES_H 1
| #define HAVE_STDINT_H 1
| #define HAVE_UNISTD_H 1
| #define HAVE_DLFCN_H 1
| #define STDC_HEADERS 1
| #define HAVE_STDINT_H 1
| #define HAVE_STRINGS_H 1
| #define HAVE_UNISTD_H 1
| #define HAVE_SNPRINTF 1
| #define HAVE_STRCASECMP 1
| #define HAVE_STRNCASECMP 1
| #define HAVE_ZLIB_H 1
| /* end confdefs.h.  */
| 
| #include <glib.h>
| #include <stdio.h>
| 
| int
| main ()
| {
|  return ((glib_major_version) || (glib_minor_version) || (glib_micro_version));
|   ;
|   return 0;
| }
configure:21614: checking for glib-config
configure:21645: result: no
configure:21654: checking for GLIB - version >= 1.2.0
configure:21804: result: no
configure:21887: WARNING: glib not found - using internal replacement
configure:21909: checking whether lots of warnings requested
configure:21922: result: no
configure:21929: checking whether to use libaudiofile
configure:21939: result: yes
configure:21981: checking for audiofile-config
configure:22012: result: no
configure:22021: checking for Audio File Library - version >= 0.2.3
configure:22166: result: no
configure:22403: creating ./config.status

## ---------------------- ##
## Running config.status. ##
## ---------------------- ##

This file was extended by config.status, which was
generated by GNU Autoconf 2.61.  Invocation command line was

  CONFIG_FILES    = 
  CONFIG_HEADERS  = 
  CONFIG_LINKS    = 
  CONFIG_COMMANDS = 
  $ ./config.status 

on localhost

config.status:679: creating Makefile
config.status:679: creating libspectrum.qpg
config.status:679: creating config.h
config.status:961: executing depfiles commands

## ---------------- ##
## Cache variables. ##
## ---------------- ##

ac_cv_build=i686-pc-linux-gnulibc1
ac_cv_c_bigendian=no
ac_cv_c_compiler_gnu=yes
ac_cv_c_const=yes
ac_cv_cxx_compiler_gnu=yes
ac_cv_env_CCC_set=
ac_cv_env_CCC_value=
ac_cv_env_CC_set=set
ac_cv_env_CC_value=arm-eabi-gcc
ac_cv_env_CFLAGS_set=set
ac_cv_env_CFLAGS_value=-nostdlib
ac_cv_env_CPPFLAGS_set=set
ac_cv_env_CPPFLAGS_value=-I/opt/android-ndk/build/platforms/android-4/arch-arm/usr/include/
ac_cv_env_CPP_set=
ac_cv_env_CPP_value=
ac_cv_env_CXXCPP_set=
ac_cv_env_CXXCPP_value=
ac_cv_env_CXXFLAGS_set=
ac_cv_env_CXXFLAGS_value=
ac_cv_env_CXX_set=
ac_cv_env_CXX_value=
ac_cv_env_F77_set=
ac_cv_env_F77_value=
ac_cv_env_FFLAGS_set=
ac_cv_env_FFLAGS_value=
ac_cv_env_LDFLAGS_set=set
ac_cv_env_LDFLAGS_value='-Wl,-rpath-link=/opt/android-ndk/build/platforms/android-4/arch-arm/usr/lib/ -L/opt/android-ndk/build/platforms/android-4/arch-arm/usr/lib/'
ac_cv_env_LIBS_set=set
ac_cv_env_LIBS_value='-lc '
ac_cv_env_build_alias_set=
ac_cv_env_build_alias_value=
ac_cv_env_host_alias_set=set
ac_cv_env_host_alias_value=arm-eabi
ac_cv_env_target_alias_set=
ac_cv_env_target_alias_value=
ac_cv_f77_compiler_gnu=no
ac_cv_func__snprintf=no
ac_cv_func__stricmp=no
ac_cv_func__strnicmp=no
ac_cv_func_snprintf=yes
ac_cv_func_strcasecmp=yes
ac_cv_func_strncasecmp=yes
ac_cv_header_bzlib_h=no
ac_cv_header_dlfcn_h=yes
ac_cv_header_gcrypt_h=no
ac_cv_header_inttypes_h=yes
ac_cv_header_memory_h=yes
ac_cv_header_stdc=yes
ac_cv_header_stdint_h=yes
ac_cv_header_stdlib_h=yes
ac_cv_header_string_h=yes
ac_cv_header_strings_h=yes
ac_cv_header_sys_stat_h=yes
ac_cv_header_sys_types_h=yes
ac_cv_header_unistd_h=yes
ac_cv_header_zlib_h=yes
ac_cv_host=arm-unknown-eabi
ac_cv_objext=o
ac_cv_path_AUDIOFILE_CONFIG=no
ac_cv_path_EGREP='/bin/grep -E'
ac_cv_path_GLIB_CONFIG=no
ac_cv_path_GREP=/bin/grep
ac_cv_path_PERL=/usr/bin/perl
ac_cv_path_PKG_CONFIG=/usr/bin/pkg-config
ac_cv_path_install='/usr/bin/install -c'
ac_cv_path_mkdir=/bin/mkdir
ac_cv_prog_AR=arm-eabi-ar
ac_cv_prog_AWK=gawk
ac_cv_prog_CC=arm-eabi-gcc
ac_cv_prog_CC_FOR_BUILD=gcc
ac_cv_prog_CPP='arm-eabi-gcc -E'
ac_cv_prog_CXX=arm-eabi-g++
ac_cv_prog_CXXCPP='arm-eabi-g++ -E'
ac_cv_prog_RANLIB=arm-eabi-ranlib
ac_cv_prog_STRIP=arm-eabi-strip
ac_cv_prog_cc_c89=
ac_cv_prog_cc_g=yes
ac_cv_prog_cxx_g=yes
ac_cv_prog_f77_g=no
ac_cv_prog_make_make_set=yes
ac_cv_search_compress2=-lz
am_cv_CC_dependencies_compiler_type=gcc3
am_cv_CXX_dependencies_compiler_type=gcc3
lt_cv_deplibs_check_method=unknown
lt_cv_file_magic_cmd='$MAGIC_CMD'
lt_cv_file_magic_test_file=
lt_cv_ld_reload_flag=-r
lt_cv_objdir=.libs
lt_cv_path_LD=/opt/android-ndk/build/prebuilt/linux-x86/arm-eabi-4.2.1/arm-eabi/bin/ld
lt_cv_path_LDCXX=/opt/android-ndk/build/prebuilt/linux-x86/arm-eabi-4.2.1/arm-eabi/bin/ld
lt_cv_path_NM='/opt/android-ndk/build/prebuilt/linux-x86/arm-eabi-4.2.1/bin//arm-eabi-nm -B'
lt_cv_path_SED=/bin/sed
lt_cv_prog_compiler_c_o=yes
lt_cv_prog_compiler_c_o_CXX=yes
lt_cv_prog_compiler_pic_works=yes
lt_cv_prog_compiler_pic_works_CXX=yes
lt_cv_prog_compiler_rtti_exceptions=no
lt_cv_prog_compiler_static_works=no
lt_cv_prog_compiler_static_works_CXX=no
lt_cv_prog_gnu_ld=yes
lt_cv_prog_gnu_ldcxx=yes
lt_cv_sys_global_symbol_pipe='sed -n -e '\''s/^.*[ 	]\([ABCDGIRSTW][ABCDGIRSTW]*\)[ 	][ 	]*\([_A-Za-z][_A-Za-z0-9]*\)$/\1 \2 \2/p'\'''
lt_cv_sys_global_symbol_to_c_name_address='sed -n -e '\''s/^: \([^ ]*\) $/  {\"\1\", (lt_ptr) 0},/p'\'' -e '\''s/^[BCDEGRST] \([^ ]*\) \([^ ]*\)$/  {"\2", (lt_ptr) \&\2},/p'\'''
lt_cv_sys_global_symbol_to_cdecl='sed -n -e '\''s/^. .* \(.*\)$/extern int \1;/p'\'''
lt_cv_sys_lib_dlsearch_path_spec='/lib /usr/lib'
lt_cv_sys_lib_search_path_spec='/opt/android-ndk/build/prebuilt/linux-x86/arm-eabi-4.2.1/lib/gcc/arm-eabi/4.2.1 /opt/android-ndk/build/prebuilt/linux-x86/arm-eabi-4.2.1/lib/gcc /opt/android-ndk/build/prebuilt/linux-x86/arm-eabi-4.2.1/arm-eabi/lib'
lt_cv_sys_max_cmd_len=1572864
lt_lt_cv_prog_compiler_c_o='"yes"'
lt_lt_cv_prog_compiler_c_o_CXX='"yes"'
lt_lt_cv_sys_global_symbol_pipe='"sed -n -e '\''s/^.*[ 	]\\([ABCDGIRSTW][ABCDGIRSTW]*\\)[ 	][ 	]*\\([_A-Za-z][_A-Za-z0-9]*\\)\$/\\1 \\2 \\2/p'\''"'
lt_lt_cv_sys_global_symbol_to_c_name_address='"sed -n -e '\''s/^: \\([^ ]*\\) \$/  {\\\"\\1\\\", (lt_ptr) 0},/p'\'' -e '\''s/^[BCDEGRST] \\([^ ]*\\) \\([^ ]*\\)\$/  {\"\\2\", (lt_ptr) \\&\\2},/p'\''"'
lt_lt_cv_sys_global_symbol_to_cdecl='"sed -n -e '\''s/^. .* \\(.*\\)\$/extern int \\1;/p'\''"'

## ----------------- ##
## Output variables. ##
## ----------------- ##

ACLOCAL='${SHELL} /opt/android-ndk/apps/zxdroid/jni/libspectrum-0.5.0.1/missing --run aclocal-1.10'
AMDEPBACKSLASH='\'
AMDEP_FALSE='#'
AMDEP_TRUE=''
AMTAR='${SHELL} /opt/android-ndk/apps/zxdroid/jni/libspectrum-0.5.0.1/missing --run tar'
AR='arm-eabi-ar'
AUDIOFILE_CFLAGS=''
AUDIOFILE_CONFIG='no'
AUDIOFILE_LIBS=''
AUTOCONF='${SHELL} /opt/android-ndk/apps/zxdroid/jni/libspectrum-0.5.0.1/missing --run autoconf'
AUTOHEADER='${SHELL} /opt/android-ndk/apps/zxdroid/jni/libspectrum-0.5.0.1/missing --run autoheader'
AUTOMAKE='${SHELL} /opt/android-ndk/apps/zxdroid/jni/libspectrum-0.5.0.1/missing --run automake-1.10'
AWK='gawk'
CC='arm-eabi-gcc'
CCDEPMODE='depmode=gcc3'
CC_FOR_BUILD='gcc'
CFLAGS='-nostdlib -Wall'
CPP='arm-eabi-gcc -E'
CPPFLAGS='-I/opt/android-ndk/build/platforms/android-4/arch-arm/usr/include/'
CXX='arm-eabi-g++'
CXXCPP='arm-eabi-g++ -E'
CXXDEPMODE='depmode=gcc3'
CXXFLAGS='-g -O2'
CYGPATH_W='echo'
DEFS='-DHAVE_CONFIG_H'
DEPDIR='.deps'
DSYMUTIL=''
ECHO='echo'
ECHO_C=''
ECHO_N='-n'
ECHO_T=''
EGREP='/bin/grep -E'
EXEEXT=''
F77=''
FFLAGS=''
GLIB_CFLAGS=''
GLIB_CONFIG='no'
GLIB_GENMARSHAL=''
GLIB_LIBS=''
GLIB_MKENUMS=''
GOBJECT_QUERY=''
GREP='/bin/grep'
INSTALL_DATA='${INSTALL} -m 644'
INSTALL_PROGRAM='${INSTALL}'
INSTALL_SCRIPT='${INSTALL}'
INSTALL_STRIP_PROGRAM='$(install_sh) -c -s'
LDFLAGS='-Wl,-rpath-link=/opt/android-ndk/build/platforms/android-4/arch-arm/usr/lib/ -L/opt/android-ndk/build/platforms/android-4/arch-arm/usr/lib/'
LIBOBJS=''
LIBS='-lz -lc '
LIBTOOL='$(SHELL) $(top_builddir)/libtool'
LN_S='ln -s'
LTLIBOBJS=''
MAKEINFO='${SHELL} /opt/android-ndk/apps/zxdroid/jni/libspectrum-0.5.0.1/missing --run makeinfo'
NMEDIT=''
OBJEXT='o'
PACKAGE='libspectrum'
PACKAGE_BUGREPORT=''
PACKAGE_NAME=''
PACKAGE_STRING=''
PACKAGE_TARNAME=''
PACKAGE_VERSION=''
PATH_SEPARATOR=':'
PERL='/usr/bin/perl'
PKG_CONFIG='/usr/bin/pkg-config'
RANLIB='arm-eabi-ranlib'
SED='/bin/sed'
SET_MAKE=''
SHELL='/bin/bash'
STRIP='arm-eabi-strip'
USE_MYGLIB_FALSE='#'
USE_MYGLIB_TRUE=''
VERSION='0.5.0.1'
ac_ct_CC=''
ac_ct_CXX=''
ac_ct_F77=''
am__fastdepCC_FALSE='#'
am__fastdepCC_TRUE=''
am__fastdepCXX_FALSE='#'
am__fastdepCXX_TRUE=''
am__include='include'
am__isrc=''
am__leading_dot='.'
am__quote=''
am__tar='${AMTAR} chof - "$$tardir"'
am__untar='${AMTAR} xf -'
bindir='${exec_prefix}/bin'
build='i686-pc-linux-gnulibc1'
build_alias=''
build_cpu='i686'
build_os='linux-gnulibc1'
build_vendor='pc'
datadir='${datarootdir}'
datarootdir='${prefix}/share'
docdir='${datarootdir}/doc/${PACKAGE}'
dvidir='${docdir}'
exec_prefix='${prefix}'
host='arm-unknown-eabi'
host_alias='arm-eabi'
host_cpu='arm'
host_os='eabi'
host_vendor='unknown'
htmldir='${docdir}'
includedir='${prefix}/include'
infodir='${datarootdir}/info'
install_sh='$(SHELL) /opt/android-ndk/apps/zxdroid/jni/libspectrum-0.5.0.1/install-sh'
libdir='${exec_prefix}/lib'
libexecdir='${exec_prefix}/libexec'
localedir='${datarootdir}/locale'
localstatedir='${prefix}/var'
mandir='${datarootdir}/man'
mkdir_p='/bin/mkdir -p'
oldincludedir='/usr/include'
pdfdir='${docdir}'
prefix='/usr/local'
program_transform_name='s,x,x,'
psdir='${docdir}'
sbindir='${exec_prefix}/sbin'
sharedstatedir='${prefix}/com'
sysconfdir='${prefix}/etc'
target_alias=''

## ----------- ##
## confdefs.h. ##
## ----------- ##

#define PACKAGE_NAME ""
#define PACKAGE_TARNAME ""
#define PACKAGE_VERSION ""
#define PACKAGE_STRING ""
#define PACKAGE_BUGREPORT ""
#define PACKAGE "libspectrum"
#define VERSION "0.5.0.1"
#define STDC_HEADERS 1
#define HAVE_SYS_TYPES_H 1
#define HAVE_SYS_STAT_H 1
#define HAVE_STDLIB_H 1
#define HAVE_STRING_H 1
#define HAVE_MEMORY_H 1
#define HAVE_STRINGS_H 1
#define HAVE_INTTYPES_H 1
#define HAVE_STDINT_H 1
#define HAVE_UNISTD_H 1
#define HAVE_DLFCN_H 1
#define STDC_HEADERS 1
#define HAVE_STDINT_H 1
#define HAVE_STRINGS_H 1
#define HAVE_UNISTD_H 1
#define HAVE_SNPRINTF 1
#define HAVE_STRCASECMP 1
#define HAVE_STRNCASECMP 1
#define HAVE_ZLIB_H 1

configure: exit 0
